playartifact.com
s.team
steam.tv
steam-api.com
steam-chat.com
steamcommunity.com
steamcontent.com
steamdeck.com
steamgames.com
steampowered.com
steamserver.net
steamstatic.com
steamusercontent.com
underlords.com
valvesoftware.com

blizzard.com
blizzardgearstore.com
blz-contentstack.com
battle.net
full:blizzard.nefficient.co.kr
full:blzddist1-a.akamaihd.net
full:blzddistkr1-a.akamaihd.net
full:bnetcmsus-a.akamaihd.net
full:bnetproduct-a.akamaihd.net
full:bnetshopus.akamaized.net
diablo3.com
diabloimmortal.com
firesidegatherings.com
playhearthstone.com
heroesofthestorm.com
playoverwatch.com
starcraft.com
starcraft2.com
playwarcraft3.com
worldofwarcraft.com
