yandex.net
yandex.com
yandex.org
yandexadexchange.net
yandexcloud.net
yandexcom.net
yandexmetrica.com
yandexwebcache.org
yastat.net
yastatic.net
yads.tech
yandex-bank.net
yandex.aero
yandex.az
yandex.by
yandex.cloud
yandex.co.il
yandex.com
yandex.com.am
yandex.com.ge
yandex.com.tr
yandex.com.ua
yandex.com.ru
yandex.de
yandex.ee
yandex.eu
yandex.fi
yandex.fr
yandex.jobs
yandex.kg
yandex.kz
yandex.lt
yandex.lv
yandex.md
naydex.net
rostaxi.org
turbopages.org
webvisor.com
webvisor.org
yandex.ru
ya.ru
adfox.ru
admetrica.ru
kinopoisk.ru
dzen.ru
auto.yandex
auto.ru
avto.ru
beru.ru
bringly.ru
clstorage.net
dzeninfra.ru
eda.yandex
edadeal.ru
metrika.yandex
podberi.ru
punto-switcher.ru
punto.ru
ruscorpora.ru
static-storage.net
video-yandex.ru
videoyandex.ru
yandex-team.ru
yandex-video.ru
yandex.asia
yandex.mobi
yandex.mx
yandexcloud.kz
yandexsport.ru
yastatic-net.ru
ymetrica1.com
ymvccb7b8b.ru
zen.me
zenadservices.net
yandex-net.ru


cbr.ru
emias.info
mgfoms.ru
edu.ru
spb.ru
sevastopol.ru
sev.ru
1018213540.rsc.cdn77.org
avtodor-tr.ru
b2c-ticket-sentry.onelya.ru
bitrix.info
bkvet.ru
cdn1.ozonusercontent.com
cms1.dzvr.ru
counter.yadro.ru
dzvr.ru
fairplay-proxy.ott.yandex.ru
fssp.gov.ru
gosuslugi.ru
gov.ru
government.ru
graphql.kinopoisk.ru
gu-st.ru
lemanapro.ru
leroymerlin.ru
mobileapp.russianpost.ru
mos.ru
mosenergosbyt.ru
mosreg.ru
nalog.ru
ozon.ru
ozone.ru
ozonusercontent.com
pesc.ru
pochta.ru
reso.ru
rosreestr.gov.ru
rzd-bonus.ru
rzd.ru
showip.net
sys.refocus.ru
vshark.ttk.ru
widevine-proxy.ott.yandex.ru
xn--90aijkdmaud0d.xn--p1ai
max.ru
oneme.ru
mail.ru
imgsmail.ru
boosty.to
donationalerts.com
memealerts.com
tamtam.chat
geobasket.ru
paywb.com
rwb.ru
wb-basket.ru
wb.ru
wbbasket.ru
wbpay.ru
wibes.ru
wildberries.ru
samokat.ru
kuper.ru
diginetica.net
dns-shop.ru
aliexpress.ru
aliexpress.com
aliexpress-media.com
aestatic.net
ae-rus.net
sberbank.ru
sber.ru
stmtag.ru
sbermarketing.ru
kaspersky.com
kaspersky-labs.com
uralsib.ru
dolyame.ru
t-static.ru
t-bank-app.ru
tbank.ru
tinkoff.ru
statad.ru
static.ru
mts.ru
beeline.ru
yota.ru
megafon.ru
mindbox.ru
t2.ru
rustore.ru
apptracer.ru
2gis.ru
2gis.com
otpbank.ru
alfabank.ru
alfabank.st
servicecdn.ru
vtb.ru
rutube.ru
rutubelist.ru
rtbcdn.ru
lenta.com
lenta.tech
fix-price.com
okko.tv
servicepipe.ru
wink.ru
rt.ru
ufanet.ru
skynet.ru
sknt.ru
playfamily.ru
ngenix.net
restream-media.net
hh.ru
headhunter-hh.ru
yoomoney.ru
cbrpay.ru
nspk.ru
petersburgedu.ru


avito.st
mvd.ru
rzd.ru
genotek.ru
lkk-mosobleirc.ru
cdn-vk.ru
vk-analytics.ru
tns-counter.ru
inappstory.ru
vk.ru
cian.ru
gb.ru
mradx.net
mycdn.me
sferum.ru
skillbox.ru
skillfactory.ru
tetrika-school.ru
uchi.ru
youla.ru


2ip.ru
lfstrm.tv
pcloud.com
filen.io
filen.net
whitebird.io
dyinglightgame.com
live.vkvideo.ru
okcdn.ru
fmail.ru
playground.ru
www.playground.ru
gamedl.ru
i.playground.ru
hls.ttvnw.net
nuxt.cloud
datacheap.ru
beget.com
routerich.ru

digiseller.me
cardlink.link
squid.wtf
audio.tidal.com
